Determining if the pthread_create exist failed with the following output:
Change Dir: /tmp/tmp.9eMgsY7UXc/build-remote/CMakeFiles/CMakeTmp

Run Build Command:"/usr/bin/make" "cmTC_a0687/fast"
/usr/bin/make -f CMakeFiles/cmTC_a0687.dir/build.make CMakeFiles/cmTC_a0687.dir/build
make[1]: Entering directory '/tmp/tmp.9eMgsY7UXc/build-remote/CMakeFiles/CMakeTmp'
Building C object CMakeFiles/cmTC_a0687.dir/CheckSymbolExists.c.o
/usr/bin/cc     -o CMakeFiles/cmTC_a0687.dir/CheckSymbolExists.c.o   -c /tmp/tmp.9eMgsY7UXc/build-remote/CMakeFiles/CMakeTmp/CheckSymbolExists.c
Linking C executable cmTC_a0687
/usr/bin/cmake -E cmake_link_script CMakeFiles/cmTC_a0687.dir/link.txt --verbose=1
/usr/bin/cc       CMakeFiles/cmTC_a0687.dir/CheckSymbolExists.c.o  -o cmTC_a0687 
CMakeFiles/cmTC_a0687.dir/CheckSymbolExists.c.o: In function `main':
CheckSymbolExists.c:(.text+0x16): undefined reference to `pthread_create'
collect2: error: ld returned 1 exit status
CMakeFiles/cmTC_a0687.dir/build.make:97: recipe for target 'cmTC_a0687' failed
make[1]: *** [cmTC_a0687] Error 1
make[1]: Leaving directory '/tmp/tmp.9eMgsY7UXc/build-remote/CMakeFiles/CMakeTmp'
Makefile:126: recipe for target 'cmTC_a0687/fast' failed
make: *** [cmTC_a0687/fast] Error 2

File /tmp/tmp.9eMgsY7UXc/build-remote/CMakeFiles/CMakeTmp/CheckSymbolExists.c:
/* */
#include <pthread.h>

int main(int argc, char** argv)
{
  (void)argv;
#ifndef pthread_create
  return ((int*)(&pthread_create))[argc];
#else
  (void)argc;
  return 0;
#endif
}

Determining if the function pthread_create exists in the pthreads failed with the following output:
Change Dir: /tmp/tmp.9eMgsY7UXc/build-remote/CMakeFiles/CMakeTmp

Run Build Command:"/usr/bin/make" "cmTC_f1264/fast"
/usr/bin/make -f CMakeFiles/cmTC_f1264.dir/build.make CMakeFiles/cmTC_f1264.dir/build
make[1]: Entering directory '/tmp/tmp.9eMgsY7UXc/build-remote/CMakeFiles/CMakeTmp'
Building C object CMakeFiles/cmTC_f1264.dir/CheckFunctionExists.c.o
/usr/bin/cc    -DCHECK_FUNCTION_EXISTS=pthread_create   -o CMakeFiles/cmTC_f1264.dir/CheckFunctionExists.c.o   -c /usr/share/cmake-3.5/Modules/CheckFunctionExists.c
Linking C executable cmTC_f1264
/usr/bin/cmake -E cmake_link_script CMakeFiles/cmTC_f1264.dir/link.txt --verbose=1
/usr/bin/cc   -DCHECK_FUNCTION_EXISTS=pthread_create    CMakeFiles/cmTC_f1264.dir/CheckFunctionExists.c.o  -o cmTC_f1264 -lpthreads 
/usr/bin/ld: cannot find -lpthreads
collect2: error: ld returned 1 exit status
CMakeFiles/cmTC_f1264.dir/build.make:97: recipe for target 'cmTC_f1264' failed
make[1]: *** [cmTC_f1264] Error 1
make[1]: Leaving directory '/tmp/tmp.9eMgsY7UXc/build-remote/CMakeFiles/CMakeTmp'
Makefile:126: recipe for target 'cmTC_f1264/fast' failed
make: *** [cmTC_f1264/fast] Error 2


